This is pdfTeX, Version 3.14159265-2.6-1.40.15 (MiKTeX 2.9 64-bit) (preloaded format=pdflatex 2015.9.15)  23 SEP 2015 16:40
entering extended mode
**D:/website/Resume.tex
(D:/website/Resume.tex
LaTeX2e <2014/05/01>
Babel <3.9l> and hyphenation patterns for 68 languages loaded.
("C:\Program Files\MiKTeX 2.9\tex\latex\base\article.cls"
Document Class: article 2014/09/29 v1.4h Standard LaTeX document class
("C:\Program Files\MiKTeX 2.9\tex\latex\base\size10.clo"
File: size10.clo 2014/09/29 v1.4h Standard LaTeX file (size option)
)
\c@part=\count79
\c@section=\count80
\c@subsection=\count81
\c@subsubsection=\count82
\c@paragraph=\count83
\c@subparagraph=\count84
\c@figure=\count85
\c@table=\count86
\abovecaptionskip=\skip41
\belowcaptionskip=\skip42
\bibindent=\dimen102
)
("C:\Program Files\MiKTeX 2.9\tex\latex\shading\shading.sty"
\graybox=\box26
\xgrayspace=\dimen103
\ygrayspace=\dimen104
) (Resume.aux)
LaTeX Font Info:    Checking defaults for OML/cmm/m/it on input line 42.
LaTeX Font Info:    ... okay on input line 42.
LaTeX Font Info:    Checking defaults for T1/cmr/m/n on input line 42.
LaTeX Font Info:    ... okay on input line 42.
LaTeX Font Info:    Checking defaults for OT1/cmr/m/n on input line 42.
LaTeX Font Info:    ... okay on input line 42.
LaTeX Font Info:    Checking defaults for OMS/cmsy/m/n on input line 42.
LaTeX Font Info:    ... okay on input line 42.
LaTeX Font Info:    Checking defaults for OMX/cmex/m/n on input line 42.
LaTeX Font Info:    ... okay on input line 42.
LaTeX Font Info:    Checking defaults for U/cmr/m/n on input line 42.
LaTeX Font Info:    ... okay on input line 42.
LaTeX Font Info:    External font `cmex10' loaded for size
(Font)              <7> on input line 44.
LaTeX Font Info:    External font `cmex10' loaded for size
(Font)              <5> on input line 44.
LaTeX Font Info:    Try loading font information for OMS+cmr on input line 66.

("C:\Program Files\MiKTeX 2.9\tex\latex\base\omscmr.fd"
File: omscmr.fd 2014/09/29 v2.5h Standard LaTeX font definitions
)
LaTeX Font Info:    Font shape `OMS/cmr/m/n' in size <10> not available
(Font)              Font shape `OMS/cmsy/m/n' tried instead on input line 66.
 [1


Non-PDF special ignored!{C:/ProgramData/MiKTeX/2.9/pdftex/config/pdftex.map}
Non-PDF special ignored!
Non-PDF special ignored!
Non-PDF special ignored!] (Resume.aux) ) 
Here is how much of TeX's memory you used:
 257 strings out of 493698
 2931 string characters out of 3144403
 61889 words of memory out of 3000000
 3656 multiletter control sequences out of 15000+200000
 5206 words of font info for 19 fonts, out of 3000000 for 9000
 1025 hyphenation exceptions out of 8191
 23i,8n,19p,312b,197s stack positions out of 5000i,500n,10000p,200000b,50000s
<C:/Program Files/MiKTeX 2.9/fonts/type
1/public/amsfonts/cm/cmbx10.pfb><C:/Program Files/MiKTeX 2.9/fonts/type1/public
/amsfonts/cm/cmbx12.pfb><C:/Program Files/MiKTeX 2.9/fonts/type1/public/amsfont
s/cm/cmr10.pfb><C:/Program Files/MiKTeX 2.9/fonts/type1/public/amsfonts/cm/cmsy
10.pfb><C:/Program Files/MiKTeX 2.9/fonts/type1/public/amsfonts/cm/cmti10.pfb>
Output written on Resume.pdf (1 page, 77628 bytes).
PDF statistics:
 26 PDF objects out of 1000 (max. 8388607)
 0 named destinations out of 1000 (max. 500000)
 1 words of extra memory for PDF output out of 10000 (max. 10000000)

